<?xml version="1.0" encoding="UTF-8"?>
<!-- Generated by org.testng.reporters.JUnitReportReporter -->
<testsuite hostname="DESKTOP-NO3FS6L" failures="0" tests="1" name="com.neotech.testcases.LoginTest" time="10.323" errors="0" timestamp="2025-02-04T23:12:25 CST" skipped="0">
  <testcase classname="com.neotech.testcases.LoginTest" name="validLogin" time="10.323"/>
</testsuite> <!-- com.neotech.testcases.LoginTest -->
